\BOOKMARK [1][-]{section.1}{Introduction}{}% 1
\BOOKMARK [1][-]{section.2}{Background}{}% 2
\BOOKMARK [2][-]{subsection.2.1}{Speculation Shadows}{section.2}% 3
\BOOKMARK [2][-]{subsection.2.2}{Threat Model}{section.2}% 4
\BOOKMARK [2][-]{subsection.2.3}{Delay-on-Miss and Memory Consistency Models}{section.2}% 5
\BOOKMARK [2][-]{subsection.2.4}{Delay-on-Miss and Value Prediction}{section.2}% 6
\BOOKMARK [2][-]{subsection.2.5}{Value Recomputation}{section.2}% 7
\BOOKMARK [1][-]{section.3}{ISER Basics}{}% 8
\BOOKMARK [2][-]{subsection.3.1}{Execution Semantics}{section.3}% 9
\BOOKMARK [2][-]{subsection.3.2}{Slice Formation \046 Annotation}{section.3}% 10
\BOOKMARK [2][-]{subsection.3.3}{\(-\)Architecture}{section.3}% 11
\BOOKMARK [2][-]{subsection.3.4}{Limitations \046 Side Effects}{section.3}% 12
\BOOKMARK [2][-]{subsection.3.5}{Architectural Support for Slice Coherence}{section.3}% 13
\BOOKMARK [2][-]{subsection.3.6}{Impact on Consistency}{section.3}% 14
\BOOKMARK [1][-]{section.4}{Evaluation Setup}{}% 15
\BOOKMARK [1][-]{section.5}{Evaluation}{}% 16
\BOOKMARK [2][-]{subsection.5.1}{Performance}{section.5}% 17
\BOOKMARK [2][-]{subsection.5.2}{Energy Efficiency}{section.5}% 18
\BOOKMARK [2][-]{subsection.5.3}{Memory Behavior}{section.5}% 19
\BOOKMARK [1][-]{section.6}{Related Work}{}% 20
\BOOKMARK [1][-]{section.7}{Conclusion}{}% 21
\BOOKMARK [1][-]{section*.9}{References}{}% 22
